[13-Jun-2025 03:26:22 UTC] === New Form Submission ===
[13-Jun-2025 03:26:22 UTC] Request Method: POST
[13-Jun-2025 03:26:22 UTC] Request Time: 2025-06-13 03:26:22
[13-Jun-2025 03:26:22 UTC] Remote Address: 127.0.0.1
[13-Jun-2025 03:26:22 UTC] Referer: http://localhost:3000/
[13-Jun-2025 03:26:22 UTC] Form Data Received:
[13-Jun-2025 03:26:22 UTC] Name: A*********
[13-Jun-2025 03:26:22 UTC] Email: and***@andyhay.com
[13-Jun-2025 03:26:22 UTC] Message Length: 6 characters
[13-Jun-2025 03:26:22 UTC] reCAPTCHA Response Length: 2084 characters
[13-Jun-2025 03:26:22 UTC] Environment: Production
[13-Jun-2025 03:26:22 UTC] Using reCAPTCHA Secret Key: 6Le9sl4r...
[13-Jun-2025 03:26:22 UTC] reCAPTCHA Verification URL: https://www.google.com/recaptcha/api/siteverify?secret=6Le9sl4rAAAAABfzrxEsD6-pyrMpEmowbN_RnKtO&response=03AFcWeA7gfkZjhXa6yg06RZCvo_XZLhFsRTEvxmeP3o_wxWNfkYsi2YpfmloutWOM7HZrVWrRqEDdXAiHi3iVut6dN2pMHmsRXN90uwTfiVHufygqv-7qeazFGe0IiHuswHi7VTukcNtGpQRXjQyOOeYEcjVXVw-9hrIMs1ESIxuHPEJq6nPC9fMcy2S_scyoJk8sx97EQuVSdcfVMZlj7nCjrQ7OJWFxF5j7KI9Xk_dE4AWefLRD7fF5YH8-VBpUeKWhC2DPSSbyIQDXKHzUvGa1CJsawGoz_jYway4XPC6v_nks7WWTt-uMwhGFG97dUttkCqBhGPXQjuZi8iGcP0UrG4iSg4KXmPDtlvoKntZsZvuf0EHfxgcZgfU_ubezI7Hk77f713breEm7NPm3OwNsmexaV9UumREH5jN7OA4QUGgeq153ssEjlAGhYjEptJsQPsLfviYMgbqnNudgP-TPd9AMIy3NJVtISL-ZyU9bKQDWze_oNQ_dBK09cCaVhyU59hHz3-MR4QT9imMWe-JiBgmW5PausrrfFYWHeOlGnN0q7dIT60bj6AH5BR-LP5qFVq_GygtHXsordtjj528dVxG0HHPug-PBGgrEbB900o7RekulHPv-haqtNCy4MZXJvsjZpYkazNBPC0k5LLzhySFJipuK7Or_hpPsKpiVHipPDd1MN362jAwgQHEBalxaORXapGaZo09G52rVNy_VOxwMNo4hbnk0YCvQAI84nOko9fJpgLHOGWgP9E_YJsJFAa3eAyVKu4uv-XyRRgT5fFqyWHiLyRM4eSQEg1JkJumMP-2DX7IHFHcqzhEOlXibzgvzfYxhwRy6OwbP24lBygDJzN8BXTu5C-fgytVct5E2zWj2yqS7KrlTFhF_s4KyVcNVQ-MvceXXiJJ0mT_nMnECBNsPwtIXwYMxSfHuvA7qGhoDhA5j91muoyy_bqypstG1sN8n_swKqA_R7uz-hPorf7OMM7y7En7JvGaBPUyz_7_fL_bopZXG38vpQYlmMnYVI3iXcCSYjzwZmC6oFrz3YWvDBUpH2D88W26UuZQDEsH4THWq7we74i3_ci9Z1BPwJsRe5DcrmKRXKEm4qnnR7vEC5h1SgYGeysD2lMQNRN8ymTmA6aJmSWzpOHvUbhFrV9CrmTyDVkgiLYzn8gbHe7esqz2Vtf9LhbJegDuyh4-YnuCYzHvmGKgvmR2rE4UghY5--lFbHIzaloKZiO9-Cdiapk-hDbnLvXgqV11gcAjddfCdDzDWOV318AS7YvP35-4mCjZD-0hh3juPY1jACgcU1DaJY8fEMTPfHHvg8FVvGCMdh0s--_wIq_4t1BEqPOPvdDZWNDH2uRrkHG2T64VfQq5qxxTF5EmoJQWEVUL_Q1wVQhycsu0O2TeoJ8t3ANRnQHVt7LptZI1Z1UnaZDgCaGkhqfscu4lHViNJI_ERr8UpRmkNrtc0MApMCJX03ahfAjggys8nK-RU3Ui9CD1wPFMtQuCH1QDeU_cu-CuuhYXGr0vji56Qph71frp5431jhT_8JJOD5Yzv-Rf_nHboePb3WRX5hQHrhzswuT9IkZEn1SINR_iglIyPBGD0n3Jkzge5n9tqpsEVbL8rY2JvY9gP06yBZWx6pOUbV8HCLAN2C5AwdRQXW0BlxHzgvEgg3IB9SBBPxQUATLJC0RYifOrCtXdID4Kjsk002YrmXQQ8bqW9oJvC3Q1yHIQF4ynGBXpZVReGUBsv9MlYXaGqEmtoqoci3JOn7lTDmdYIRWKNFh0RoSb4Y57gKGwoubxCp5XDCeas9Nkjj17x2h3f4upI_LPFQbY8VS48EHC0H9Zq-QVm0bb7gP97slDgX8BSZ8pRY1k-5MtcBDDN6Ac0ByBhbktCh73_4htsooT1X-G4x9KsmLQm0XBayiwtvJtkuclZJRXbELuVEPjkwuz_6kiJv_1eADXeNgEvn5D1V7zmqZn_0GBxJVRDCxryyZ9mCoilVZFfbiqLBYyZ9-m5tSJFt8vvPb_Xrmjy51tW91v7lyqg5Fk2_FfB-QFOWQBvhqknvYLaYUU_47VGOWmo6Q
[13-Jun-2025 03:26:22 UTC] reCAPTCHA Verification Result: stdClass Object
(
    [success] => 
    [error-codes] => Array
        (
            [0] => invalid-keys
        )

)

[13-Jun-2025 03:26:22 UTC] reCAPTCHA Verification Failed: invalid-keys
[13-Jun-2025 03:27:42 UTC] === New Form Submission ===
[13-Jun-2025 03:27:42 UTC] Request Method: POST
[13-Jun-2025 03:27:42 UTC] Request Time: 2025-06-13 03:27:42
[13-Jun-2025 03:27:42 UTC] Remote Address: 127.0.0.1
[13-Jun-2025 03:27:42 UTC] Referer: http://localhost:3000/
[13-Jun-2025 03:27:42 UTC] Form Data Received:
[13-Jun-2025 03:27:42 UTC] Name: A*********
[13-Jun-2025 03:27:42 UTC] Email: and***@andyhay.com
[13-Jun-2025 03:27:42 UTC] Message Length: 6 characters
[13-Jun-2025 03:27:42 UTC] reCAPTCHA Response Length: 2105 characters
[13-Jun-2025 03:27:42 UTC] Environment Detection:
[13-Jun-2025 03:27:42 UTC] Referer: http://localhost:3000/
[13-Jun-2025 03:27:42 UTC] Is Development: Yes
[13-Jun-2025 03:27:42 UTC] Using reCAPTCHA Secret Key: 6LfAs14r...
[13-Jun-2025 03:27:42 UTC] reCAPTCHA Verification URL: https://www.google.com/recaptcha/api/siteverify?secret=6LfAs14rAAAAALCj6nfyHOLgKUYlb4UDLE_oHoZ-&response=03AFcWeA4SX1w--7AN64mgmS3oqidtFb36Cn7p9OgC9wNtVgogpOi4kMBcxUCbqlW_CCyfWmb02F1hyDpbCeT-Sf2WivB3VIMUS8SHJwIYG5smBMSXPq1SlUQDtgVAMG9Cozr-7Uy4oCn_Q-4ikv9g24Z3pPixmZTa4MqzRUlWjBkyqZ1PE6N_hqeFcNlqiWm7JL93tH_IRbSjHmbJmPLfHWvgaYOqkFLyzh_1STsYy8mz6NL9MlkMDEJnXFyJ1Qj7AbnF0Fth0uXIL3Oc9Nhp0GGOCOlP-NsSwo-fWge2PnMk15oYD7IzJqxexG_iVZjyg82rodaiM9oq0SBo8-fqC6yH3XvfKfmq7gVYsaqUPVqM0MlcvjTl4J7wUhYEn_AxAgFaln4mUyfeEJxuUqYd_h30cDaRaop3dzSXbJbCAFCaWhQf_gL-v504eAxuk_VzWy0XSxA4hchi8ds8Dfx5rOfx_qNjPaKyL8RFYjioctVCNv7BuQr-vW12HQz3uY6sJ2zoVl7KCmtCsM6mM_CwL4a9dpZ1weGdMp_0-qoQFKFjeBoa8HquDlrYbXIQEdj67b-iVXyl156ABKSds4qBqzJxdlix9MNt12-BJOYv0GY4TftEYl6zKP6MHJyC2CpYfi7ATrJZwwice-eh6icw0XapkhcA2j5X77SgeEqteanbsW375Y9My6Ku6l5LdHEjOZ5GhPXkSDXpuTvjl6VfIWfNjcArJTewIfocZBBgjmFXN7WOP8occMOXP8lKBBTlArW_yDg9xFl2_AWc2QJBoLJ4IS77jKTaH_NYAVBWEi2rES2P0wGYZz1s6Yqc0f0u0FB3W8RD4qyYLrTrF1hI5s3G6UCoy8e9x9jckTb-KKy3g651CaAX0hq25tdL8LNEveWi7WuJK_Yzw74AN8FXz8P3t4HiKlhaqzLm_OrbgIPlH2HrqcIllLJTVaEp778vZ-DxG9-hNYNF24FL7bndY73YdT_qqwt9H2z7X8VLEZjGM6T2PLTtHVs6OBVmKJx0-XUNu6mnCCHwI3EJT69OpYPhQBi_v2jOo8FkAWB15QXpDaCY4iZjD8jzunjuVxuZvrjjhm6CTcqLLJr9Ndadfz7xMR3c7iRzbxHsCRjBKS4W7g9TorykYpD8SaswLhXM0IOQ1sUeE68NXmC1AXqrbY-JbblRtuvoXodCg7JMOkia-xeu9dkTaukqLIp2y0fqmH9e_HGFQ5gQ7JJLkJwoi7hCJOA6pL87MDXyA_uwtAmmojju-eO4g_2ZWP65ETmFgcoh6GdHahmkIYlwayl2nOIikU9NQ5g6z2L2KovsB9GfoW5lFaFnaS4AV5P4tjZ0MvDOCmDuh9NVG4GUCj38XKujlmNwboLC9U0yiMJxXKUIBC875SfE0Zupm0LBIn4Zw6peD8aRdLUneOAgl-6udcXk3vZiLOt-KmsiROUbxBIazC2rWjxdOaLz7zbxS24X_4FRyqrZmxbvyfVYXkTmDvLAOQ0Uk55KMedp9dxG8ytHzBPgWUh7kCojMPlCjwcSHNr5IQXLGNpX9o-d0DuKBCmyEE9rC99Qj3vhDsEVqULC-5-GFJDsLq0QBYN0k0ACSt3TOdUqxSfJIW0167pSERf8k1lBgPcY6JTBNM9DCLSIzR3TNNMKmflTItLekoe32frSN5Ky5LHKYQhzfndOWlgl81yFuEzv94TN72q16au5ad9hGQo9ZwsthLmaCX5xrODKmida-pSck0Vtol2O0UAhCsJyoV3yqVohrerr44FN4ABNCZTojOU_AVHwDIYR29i9Rn08f7_JSfujvtYavLzDsOXWPRXNCwO0RmZXwytkOXyZ7s1ghX1zDTCsUZsK6n12dI8_PYL-mjAVgpWHDrGA9Q2VZlUFc0oyVaakbfzMj8-i9EtxltoX02ztGuyyZ4JmPEzHebeldiUbfNKVHS1F1CLDyrPneevxLXZCa4QApXiwXnJUK88QFhtchQ_U9C-9GirGubKRmNrIzggVq9VXnK34kmSb3c3jNQA4Lkvll3BOzcrm0nSGZVWCIdA5VtnjQNWW-7HqnBo6mPGalac1xLwSbfMBV8IE8JOVo2oNoFAkWCtISmA
[13-Jun-2025 03:27:42 UTC] reCAPTCHA Verification Result: stdClass Object
(
    [success] => 1
    [challenge_ts] => 2025-06-13T03:27:36Z
    [hostname] => localhost
)

[13-Jun-2025 03:27:42 UTC] Email sent successfully
[13-Jun-2025 03:30:26 UTC] === New Form Submission ===
[13-Jun-2025 03:30:26 UTC] Request Method: POST
[13-Jun-2025 03:30:26 UTC] Request Time: 2025-06-13 03:30:26
[13-Jun-2025 03:30:26 UTC] Remote Address: 127.0.0.1
[13-Jun-2025 03:30:26 UTC] Referer: http://localhost:3000/
[13-Jun-2025 03:30:26 UTC] Form Data Received:
[13-Jun-2025 03:30:26 UTC] Name: A*********
[13-Jun-2025 03:30:26 UTC] Email: and***@andyhay.com
[13-Jun-2025 03:30:26 UTC] Message Length: 8 characters
[13-Jun-2025 03:30:26 UTC] reCAPTCHA Response Length: 2105 characters
[13-Jun-2025 03:30:26 UTC] Environment Detection:
[13-Jun-2025 03:30:26 UTC] Referer: http://localhost:3000/
[13-Jun-2025 03:30:26 UTC] Is Development: Yes
[13-Jun-2025 03:30:26 UTC] Using reCAPTCHA Secret Key: 6LfAs14r...
[13-Jun-2025 03:30:26 UTC] reCAPTCHA Verification URL: https://www.google.com/recaptcha/api/siteverify?secret=6LfAs14rAAAAALCj6nfyHOLgKUYlb4UDLE_oHoZ-&response=03AFcWeA6hdDVgn62bkB_2_MquAj5qNCesOLyHaecQyApZMx0xY8jBmQWMLu-4Rj1ToQrbavrsXctJ93rQ15kSNJkEuUr6SHzv9UbKmtHfPdryLRmvlnrhlV9L16UO52wwFegguPCZfjxeZVPtP_1Q8y6l2oDmbuYWSz3Xrd3NqBw_5Pq0-Iqq7SfgJ_BwWtOpeBDC3MArZBXSqvfHbig6nT4zCPm916oOo4v46eEYLZ6VVyIuviK8n-wqEv5duiD0VfbseHXlw7wt7jXWZ-zseMBqkdmApSStet7KpnIrqoSC4vt9-vbS59UyAB0XoKDcl9W7y_ERoewaWt7DWwsfdi69GJJcoATJj3YJEpvibpXShmPFj-sHmtFRnBMxJpZV_ZFoba9eM1IY8zNX9kisvM9ZBr09ly7-yhZNBPpnDb1CmBGDAdYXZn0tpojlNtpu6VWcXSze4-ALld92WscLLuI6bBIdluA0nlCRpmRCBjXSfsct1bEUc7atQPYvhNNCtJhZl1xTpKll8er43qGLUk1MnXn1t9aUp5nchSmVKpmiBzUCx1cH1Hu8DW_JWxQ0rirbWstdwXS5QWdcJI5CqBQx6e_gfFOh_lQJs2pEYro5FPVbf90OznoNwCH-rAROrDy0rmh2PLBHPphW7wdCkLBmh2PK9oYcCJ3jJaGtZSZYPql5bmspNVbU2fjxCXEFp2XAHYYetLC6ngGFNDV8A6I8GJEu7cTPbGUXvm2B7MopnSX53I1FZ3C8UOGAxYOxALCbVfp6fQ_wRjFuYDdAsY4LXhksvcsJxP9ncFVIuAhkxkRoNBT-PQJC9qtmT0FNDzadanDbOISToCwVkTeLlfVaak451wCKvw2qR1WlxEMFy6sglHxBIA7JzShwD1qdooA_yRKZ4WI6-FCahC_4Fl6mpPLvwbbkej1BTwZFsQ0CyAAgvv64kWO5K3HhjuR-sMRY6XA8lPWwVGUr5ZDN4iPmg6kAjFmPIwZgDATKf0ZcZgeVAVDS-rwhQD7zL7sDjlI2Xb9KIrxYb54X6w5T-7YRDzjSzt6vSEg68CvUwgOYqxaMl36TLEI_HrAjWbccTsWzkHXaeDfQPczZahdbOEVT_3LdyJebM5j5rINfSntHzXDx6lo-_EJ4FxNHTWwNjql2fRKvSNRb6xlAH7gO0NKoDPSAUKuiQRqQq1Dowu98fIJDE9UTyGzFiDmWn7y9V20ssVb6zGC8cJVdNARG8rNQaIUIRZqmqTBd_S5SCfW3z458RkPbpXMWb5x3IPDwSsbC50GSyM0FU9zNsYXCFdFSy7XDJ9pYmVJ3KBk2lTw8r09Fny84PC31Ls43NRAaE0GWEhYH5u1TbLVvAKl3L5_qzGL8VW2GSsclY4Tvop2qzBD21lZaRsA3qrN6WreHkUWURCp3SDLy-ydo-vsDOkCXKiR46IIcra5TX0rBgTE2zYdb336XJ36Ie3T9Fp1X9YPS4Pn3Z93j72zM7vB61H_tWsrt7CgKpjELFUpWYswS97P80mBrJNxXPDJEb01uxEXtR6YPEZdWdAsJOj0RHma4JpOeyBO70zO8N2KDCxBwsRRixZsWWEewtngkt-COqu-RnVEeZRxhnd5K5Y-sEfA504oyeHUR1k0LhbbqyDXlkypSeDZ1lDS91JcwMRwEC2wwwkyStEoe5tn1aJZZ_7UPXsAnkm7jvByNvn7XTxRWBzlpqPcpWhkIM6GczRCd8lEqiYzljBzOIWH7RxQz3Oo0ctpGnbnCGw8DOeDbt6D_It7rtyPFzZhgqkEtxKj4cOoTP8lXKHwFg5BX9iFMXbCh7SRbcRy2rAFFYaYawPivXG_XTaBYp7zLg0mQDC7_7Zrt4ALS4TBjCSVnni0-ifb33wiuBRVh2CQUavnxVzMVqp2Ug9AMQXYlWVY0_ICZ4BcCZZl3rIAswJjxcJ4WwxS_yfpdizI8HZ5TG6SOSPewVSbGV8p45TDeesjyZbmOe_aZPp3bvtJ_vP_a9ttTVtfgzKkPkfrTyJA_dKH58W56RYWLZUwDgAQF8BVqi_bJKkKoGE6hev7NvV7bwzQjWNWkLfRyAIOeI8vsORmK4TUQ22_M7SkZ6nQ
[13-Jun-2025 03:30:26 UTC] reCAPTCHA Verification Result: stdClass Object
(
    [success] => 1
    [challenge_ts] => 2025-06-13T03:30:20Z
    [hostname] => localhost
)

[13-Jun-2025 03:30:26 UTC] Email sent successfully
[13-Jun-2025 16:21:52 UTC] === New Form Submission ===
[13-Jun-2025 16:21:52 UTC] Request Method: POST
[13-Jun-2025 16:21:52 UTC] Request Time: 2025-06-13 16:21:52
[13-Jun-2025 16:21:52 UTC] Remote Address: 127.0.0.1
[13-Jun-2025 16:21:52 UTC] Referer: http://localhost:3000/
[13-Jun-2025 16:21:52 UTC] Form Data Received:
[13-Jun-2025 16:21:52 UTC] Name: A*********
[13-Jun-2025 16:21:52 UTC] Email: and***@andyhay
[13-Jun-2025 16:21:52 UTC] Message Length: 9 characters
[13-Jun-2025 16:21:52 UTC] reCAPTCHA Response Length: 2084 characters
[13-Jun-2025 16:21:52 UTC] Environment Detection:
[13-Jun-2025 16:21:52 UTC] Referer: http://localhost:3000/
[13-Jun-2025 16:21:52 UTC] Is Development: Yes
[13-Jun-2025 16:21:52 UTC] Using reCAPTCHA Secret Key: 6LfAs14r...
[13-Jun-2025 16:21:52 UTC] reCAPTCHA Verification URL: https://www.google.com/recaptcha/api/siteverify?secret=6LfAs14rAAAAALCj6nfyHOLgKUYlb4UDLE_oHoZ-&response=03AFcWeA5601mtLIC9aUHw20sSwwAeNbTPAfk2f3naePsK6cOSm_WZDpeUFlsNH9hfbTzyLQXk47NRcMADPEawZgEuhSD_FAzb46yPbfPh2Zyq1x4BuobIO-ngwHExVWAN3CfF8Qisg2PeC7IpNga-SXF_N8pvo-8BtG4tOXMwfNPAe1DjdflyHRH5GTsYuOf4i9HHUqyFZZaZUlkozZgaArUeG3cMB1zfRG5yLGLAriCnJqwdWtiHUpwyKK5EjpWkmKwwSa2t7oia6cu9cbweJxHkB6R62DmC1lzC5DADn0AsQSd2s0Du2eNZ0RxpM5g8XFbCtu6FFkGbyfR7DCW5eR0ge0AC_68fQAFXH2_MXXWZBaSgSSJOiSpg3C_3x8i15nMXZdjsq0Cy_SGsD9ME_nLbYyVMp4TR82HYwH1mKsP9ojjvbgU9sWzA2iQW0GjO65Hdxndn4QxcRYFtsTV_5vc5deewZu94esdbmowAArRNa1xgjVf25oa0BSwWQR23uFXq29LXMFukhXoSL_cK2hH9Uw6lcDQTnEvPBX9iXEoR3FMyqNE6qBq1ErTEr-9M3E8e_M64r-1mgHFJF8iekMns9qWYAcj_IkHHD-pHjG5vShSqxbRVjXw8tdWJafS0ROAyepFVCFSXIDv_Vtp_YJV_Y-Ck_dosUilMIlT1isHFOR1aQDMk5P9GuIcAv5XcaviPEjDTlZdSB4hBFcMN4aBK5H3WEYQNnGLcv1cCBtgLi9mJMUJbOkvn4GDLWqXeEAhMlWkb-tjtLSLDcRc1-d0AOMHML7wpoUW86wUGfgQ1r30GU0hS2nph_4O58SF__sgtEMO2GkyNejHPXARlv6HNw8uQqMKwZKfYwQb1kbOEfNq1K-CRA0Vb4SibxOgjzf5aCVCxfe534ryzkWKnIPGAnxxndPOO-jKKQFgawxnq3nYwPKVJ3uV8jjJFN6YmPx-JPrwmLv2SSCQXF99gmppta-4VNrm_GtTUB0eN3wiYRO2j2eEj0GwEPoyzGXys4xD3H_LWJmbcIjVhX7Xa8qvUOHlvFp24DwOMoGuY0Qf5S48z4QHnSe52A-tp1QdZ8xhfMK9-JWr5Wr4sfNjuJZIpTZPCg81TlSLB8oDfYTmc7GKz6lKo8j0Qgnjj_I6SyODVkT8IbRfmHIEfCH_Ahuh5p6QwFccAao9dBmAz8SFfMbyvS4qipfGO-HQERIXV_Q_31aD2vwaCLFeYhHyg4FjS4Qo71Ggg4gJTSUBYR43xOZjnx7S_C8E54f0PEsR8sQ6-Z8pOrQMEmRiEH-xmF6VrEK8qzRsHNGu_8XIEoBSA-Nj_4RKVra0skLwnSU-wQuXZdlQHCdzrtR9nMYyh3eeNDb9Myc7rkZMSDpjNKqFKMKqzXEH6LhCNzdB4q_0sBSzVUSDJKuPykQPoJGuICtFQ8r1IxYbYs4eR2pxifbJqqaeWkNYRaSsu8z3wfp_tRCFS85AN_t2jZQiaB8ktPMySBnxSb3vL001Ati-hVHt_7X7yixIwueOEbiJcDT1vj7SyxuLzTM0JNfYklt0fVynPlA_xO3NEMPR3a0UI7OcnKgTsAXaIZaWqbk-U0HpfQTZoLpdeZoXLv97ctCoTxRppIriRFiP35A37Y0Z9jtUVa-CuecFehpFOXMzeH1NqptWZj4z3u8sfH82cCQmKTOwtBDZjHnz60tOp2VL2ICZdkD7xNApmqW82mzeXa7A9e3zLgQXWXcnU_hE3l7vzvWAKZ_kFuV36CO72rpd4I36yBleW6Xn97x-N3a0somo-8V0MDqFKE37-bX_FNU8vyeN12wTkk4rk6w2cSonHRfzSKlfxoixWDw8pOSPG6sbCmdQm9RTyY3RDiwV5mJugMa4Sj862ZJvkK4maxAMx-XLPybyracuqFbbfou_BRWgJ5jvoAFbYhAIut4D3vXlh0atdKTb3xLSwp5kgUjGpThBnmvzJ6vkLktodONCum7JHXOSSmao4O4Aw3LAJOVbkeWFG5jqLvQq2xNJgI6lE0IusvcBe4l41peiVr0B2axmIqbtVeAHZ-6_GwYcRQxbKwBTHcCHz7sucgg
[13-Jun-2025 16:21:52 UTC] reCAPTCHA Verification Result: stdClass Object
(
    [success] => 1
    [challenge_ts] => 2025-06-13T16:20:20Z
    [hostname] => localhost
)

[13-Jun-2025 16:21:52 UTC] Validation Error: Invalid email format - andy@andyhay
[13-Jun-2025 16:22:40 UTC] === New Form Submission ===
[13-Jun-2025 16:22:40 UTC] Request Method: POST
[13-Jun-2025 16:22:40 UTC] Request Time: 2025-06-13 16:22:40
[13-Jun-2025 16:22:40 UTC] Remote Address: 127.0.0.1
[13-Jun-2025 16:22:40 UTC] Referer: http://localhost:3000/
[13-Jun-2025 16:22:40 UTC] Form Data Received:
[13-Jun-2025 16:22:40 UTC] Name: A*********
[13-Jun-2025 16:22:40 UTC] Email: and***@andyhay
[13-Jun-2025 16:22:40 UTC] Message Length: 9 characters
[13-Jun-2025 16:22:40 UTC] reCAPTCHA Response Length: 2084 characters
[13-Jun-2025 16:22:40 UTC] Environment Detection:
[13-Jun-2025 16:22:40 UTC] Referer: http://localhost:3000/
[13-Jun-2025 16:22:40 UTC] Is Development: Yes
[13-Jun-2025 16:22:40 UTC] Using reCAPTCHA Secret Key: 6LfAs14r...
[13-Jun-2025 16:22:40 UTC] reCAPTCHA Verification URL: https://www.google.com/recaptcha/api/siteverify?secret=6LfAs14rAAAAALCj6nfyHOLgKUYlb4UDLE_oHoZ-&response=03AFcWeA4NAo-wsXu4wLgDyEzay5kmORE4WcToCZ-Z-1jBVkUr5u01EFdANxT62-oYySH04-UjvAvu-EpszWw1H3z52NtUBHf9ytAM0coe65v9FFCuoVLXVHPnqh6lhoDZ-YjnBm9hzWswr_91hp0o-mcVQnJjOp8qymNQb1PFPoaOWpGaqJlt7-QMBk5x8E73VVyVla0tZaxEFStJE3Kep0ZcHi9jV3lqcJf-AVf3TQuZiQZHxSgdYtgRxjvR4PPYjpM1XKWMVf6X8sSIzleNrs3GWd9qiE6kBd4zueQT6q3OhzeABY-tPXyez1KUJa1_4FdO70Z3sDQnSmuoWVLRFOgIsh2zPOuO1C0ZcqF85pasERwkpdSaD1VFOLTcfq54790_La59qAe64LPOvEslbMq00rFS8iT1Up-DSPKUKngwwulHZ-GaCMGSDFAKlJOwE2JTQN0BlRDw6iWQu0gbKgmLgVy2jNjB-BHMgvMMx37wUNlCN20O8oFFFczbR4hBJYtA0sOJFQWH2xl1sM7O9Z_07un5KSQ_3xu50mkkWOEaa0OXNFoWVaZJuQQiGMQvBqNmy7EPVQYXIfBr_tr_zxOa_VDodADqFmOa87cOEfrWkeD4_AuEAc18dIpj7078gkKDVSfLI47iImwfyi1PVlVzdWyfVdcrnxLT1OsHmO-J5KOD-I5R67rAEpFLtKbjps2D3-vkX9cZK6NnTGZjJsvBHhBM_FvRN-jKRP2nJHkIi7FQ18VSo8MKJ0_PXFJRJNiyCZ2KjTodCeoy_boruzv7ACeaeJz2YUTIcPUOA9VvYJz2j3FzrxWGx2H-Rxp8yJMkHh3B7olAuSQOxDulBR_q8Zu5edItf_CnWZZG3PbeZh-nUTB4Ofy7xWTMYYIM48EHcUnU4zqQgEQsrvyL5g0WelipVRGGDst33I9Lt3vSW2PEt7jRjV8S-53r-_uiVjsCuZg6tNEF6HEHr8bTpWDWUtIB0kkfXZ_taON81r3bTft8lMhUC2atx1pyJHPsdkqTZhIKnb4lTmXrIWL6U-5h3EbRmijPpXkA_VYVKvH6OtbXmC7cjC8onTS6SLw7jvWcysuUKLIeyyNnAtKDeVU1WpaKBpbV8mJt9HCdzYpRxQCPqNsrRy9mSOcm0I3ToRnu5R6Oc_27dx5kAhPzNSN_CF7enVO2-cd4Q9FxI49F7BkFZzoGAPYc3YzP_mwKGmj3Oy6wZIXs38ejaJNVQEeclS135ieMbQiYMxh5cayxnuhLzYxowxjAZMA5ijcql006WMTrvDxosBRWiQWOZiCfympe-ovvUZU4aAKS6QAxvPoXPt9YokSIy92Sfv30FXTQuStapuf0d8GLhdoHWbxe3lOPCCD-WoPBfdqmGtpBzka1UD0cjo4g9pNmQP6hMM0cp3zjiHVj8FWGlzLwHhsvrPclHMqeXmzAgNc8MIJBjXDA3qjVIyjB3IWbajnxRy-2fNby7mDJDnfojSiIxfatGwLNm6K30G8rWRIgEoyEEIjq1xvY-SkpUuOSEWGFDMHR11vX1ZqIFk2RwNM-hq40KYFJjubdPrirTPTT6svNuoegjQk6odZ5Ueb66OBkEnQn_AdTfpz66NNkF8wQAaPi0TIvVNRNKj6hdweeROwXBQ_yo4CEeQVdW1CUqz5fNGU40UBAenWQyafkzb4v_SqVBIh708vSgeilEGp0QpNllMmURFa2RkXdz_dhFJpayauKcxnWq44VsrTi0ZN0OAWKxBoOWJzFCayJpsFtDmQhDrDfGOoaga_YC4qaDopIbpVEawjfKS2oVRSyWlEmE6kviwvF9X0sIgvip9lfEznZdQiFGE3NyYWXIdcHmCb3SrqAM377AvoyDKXHWgSnPhKEZg7Lx6D6LLQEFBR7UpSm8V5Exzw6b-XaD7BSrpGyJMn0tQdG0GlfqPxea1tGTpfv8NNEygEUNG1JMv_riYuzH3dw_B0-JBzW1UvAK7R28gCRJbHSukx26DNPNe_SrFnht2dUDltrcmuydHVDpUNsZ5VULOPRVYCus6I9pImpHAR021FyoFpZ-s5XDngAGAjCC2izzj1xTg
[13-Jun-2025 16:22:40 UTC] reCAPTCHA Verification Result: stdClass Object
(
    [success] => 1
    [challenge_ts] => 2025-06-13T16:21:52Z
    [hostname] => localhost
)

[13-Jun-2025 16:22:40 UTC] Validation Error: Invalid email format - andy@andyhay
